<?xml version="1.0" encoding="UTF-8"?>
<testng-results ignored="0" total="1" passed="1" failed="0" skipped="0">
  <reporter-output>
  </reporter-output>
  <suite started-at="2025-05-01T21:46:20 IST" name="Surefire suite" finished-at="2025-05-01T21:46:40 IST" duration-ms="20054">
    <groups>
    </groups>
    <test started-at="2025-05-01T21:46:20 IST" name="Surefire test" finished-at="2025-05-01T21:46:40 IST" duration-ms="20054">
      <class name="sample.BrokenLink">
        <test-method signature="brokenLink()[pri:0, instance:sample.BrokenLink@3c7f66c4]" started-at="2025-05-01T21:46:20 IST" name="brokenLink" finished-at="2025-05-01T21:46:40 IST" duration-ms="19943" status="PASS">
          <reporter-output>
          </reporter-output>
        </test-method> <!-- brokenLink -->
      </class> <!-- sample.BrokenLink -->
    </test> <!-- Surefire test -->
  </suite> <!-- Surefire suite -->
</testng-results>
